# JRE version: OpenJDK Runtime Environment (17.0.7) (build 17.0.7+0-b2043.56-10550314)
# Java VM: OpenJDK 64-Bit Server VM (17.0.7+0-b2043.56-10550314, mixed mode, tiered, compressed oops, compressed class ptrs, g1 gc, windows-amd64)
GC Precious Log:
 CPUs: 4 total, 4 available
 Memory: 8072M
 Large Page Support: Disabled
 NUMA Support: Disabled
 Compressed Oops: Enabled (32-bit)
 Heap Region Size: 1M
 Heap Min Capacity: 8M
 Heap Initial Capacity: 128M
 Heap Max Capacity: 2G
 Pre-touch: Disabled
 Parallel Workers: 4
 Concurrent Workers: 1
 Concurrent Refinement Workers: 4
 Periodic GC: Disabled
Heap:
 garbage-first heap   total 547840K, used 138235K [0x0000000080000000, 0x0000000100000000)
  region size 1024K, 1 young (1024K), 1 survivors (1024K)
 Metaspace       used 155732K, committed 157504K, reserved 1245184K
  class space    used 20142K, committed 20992K, reserved 1048576K
GC Heap History (20 events):
Event: 9069.700 GC heap after
{Heap after GC invocations=125 (full 0):
 garbage-first heap   total 512000K, used 138926K [0x0000000080000000, 0x0000000100000000)
  region size 1024K, 2 young (2048K), 2 survivors (2048K)
 Metaspace       used 153906K, committed 155648K, reserved 1245184K
  class space    used 19960K, committed 20800K, reserved 1048576K
}
Event: 9070.154 GC heap before
{Heap before GC invocations=125 (full 0):
 garbage-first heap   total 512000K, used 213678K [0x0000000080000000, 0x0000000100000000)
  region size 1024K, 76 young (77824K), 2 survivors (2048K)
 Metaspace       used 153959K, committed 155712K, reserved 1245184K
  class space    used 19968K, committed 20800K, reserved 1048576K
}
Event: 9070.162 GC heap after
{Heap after GC invocations=126 (full 0):
 garbage-first heap   total 512000K, used 140061K [0x0000000080000000, 0x0000000100000000)
  region size 1024K, 3 young (3072K), 3 survivors (3072K)
 Metaspace       used 153959K, committed 155712K, reserved 1245184K
  class space    used 19968K, committed 20800K, reserved 1048576K
}
Event: 9074.517 GC heap before
{Heap before GC invocations=127 (full 0):
 garbage-first heap   total 512000K, used 425757K [0x0000000080000000, 0x0000000100000000)
  region size 1024K, 281 young (287744K), 3 survivors (3072K)
 Metaspace       used 154056K, committed 155776K, reserved 1245184K
  class space    used 19978K, committed 20800K, reserved 1048576K
}
Event: 9074.527 GC heap after
{Heap after GC invocations=128 (full 0):
 garbage-first heap   total 512000K, used 139025K [0x0000000080000000, 0x0000000100000000)
  region size 1024K, 2 young (2048K), 2 survivors (2048K)
 Metaspace       used 154056K, committed 155776K, reserved 1245184K
  class space    used 19978K, committed 20800K, reserved 1048576K
}
Event: 9074.754 GC heap before
{Heap before GC invocations=128 (full 0):
 garbage-first heap   total 512000K, used 162577K [0x0000000080000000, 0x0000000100000000)
  region size 1024K, 25 young (25600K), 2 survivors (2048K)
 Metaspace       used 154058K, committed 155776K, reserved 1245184K
  class space    used 19978K, committed 20800K, reserved 1048576K
}
Event: 9074.784 GC heap after
{Heap after GC invocations=129 (full 0):
 garbage-first heap   total 512000K, used 135154K [0x0000000080000000, 0x0000000100000000)
  region size 1024K, 3 young (3072K), 3 survivors (3072K)
 Metaspace       used 154058K, committed 155776K, reserved 1245184K
  class space    used 19978K, committed 20800K, reserved 1048576K
}
Event: 9076.189 GC heap before
{Heap before GC invocations=129 (full 0):
 garbage-first heap   total 512000K, used 255986K [0x0000000080000000, 0x0000000100000000)
  region size 1024K, 122 young (124928K), 3 survivors (3072K)
 Metaspace       used 154111K, committed 155840K, reserved 1245184K
  class space    used 19988K, committed 20800K, reserved 1048576K
}
Event: 9076.199 GC heap after
{Heap after GC invocations=130 (full 0):
 garbage-first heap   total 512000K, used 137678K [0x0000000080000000, 0x0000000100000000)
  region size 1024K, 5 young (5120K), 5 survivors (5120K)
 Metaspace       used 154111K, committed 155840K, reserved 1245184K
  class space    used 19988K, committed 20800K, reserved 1048576K
}
Event: 9085.160 GC heap before
{Heap before GC invocations=131 (full 0):
 garbage-first heap   total 512000K, used 444878K [0x0000000080000000, 0x0000000100000000)
  region size 1024K, 294 young (301056K), 5 survivors (5120K)
 Metaspace       used 154708K, committed 156480K, reserved 1245184K
  class space    used 20041K, committed 20864K, reserved 1048576K
}
Event: 9085.182 GC heap after
{Heap after GC invocations=132 (full 0):
 garbage-first heap   total 512000K, used 148122K [0x0000000080000000, 0x0000000100000000)
  region size 1024K, 13 young (13312K), 13 survivors (13312K)
 Metaspace       used 154708K, committed 156480K, reserved 1245184K
  class space    used 20041K, committed 20864K, reserved 1048576K
}
Event: 9085.311 GC heap before
{Heap before GC invocations=132 (full 0):
 garbage-first heap   total 512000K, used 159386K [0x0000000080000000, 0x0000000100000000)
  region size 1024K, 25 young (25600K), 13 survivors (13312K)
 Metaspace       used 154708K, committed 156480K, reserved 1245184K
  class space    used 20041K, committed 20864K, reserved 1048576K
}
Event: 9085.366 GC heap after
{Heap after GC invocations=133 (full 0):
 garbage-first heap   total 512000K, used 135207K [0x0000000080000000, 0x0000000100000000)
  region size 1024K, 2 young (2048K), 2 survivors (2048K)
 Metaspace       used 154708K, committed 156480K, reserved 1245184K
  class space    used 20041K, committed 20864K, reserved 1048576K
}
Event: 9086.861 GC heap before
{Heap before GC invocations=133 (full 0):
 garbage-first heap   total 512000K, used 201767K [0x0000000080000000, 0x0000000100000000)
  region size 1024K, 68 young (69632K), 2 survivors (2048K)
 Metaspace       used 154791K, committed 156544K, reserved 1245184K
  class space    used 20049K, committed 20864K, reserved 1048576K
}
Event: 9086.866 GC heap after
{Heap after GC invocations=134 (full 0):
 garbage-first heap   total 512000K, used 136158K [0x0000000080000000, 0x0000000100000000)
  region size 1024K, 3 young (3072K), 3 survivors (3072K)
 Metaspace       used 154791K, committed 156544K, reserved 1245184K
  class space    used 20049K, committed 20864K, reserved 1048576K
}
Event: 9891.954 GC heap before
{Heap before GC invocations=135 (full 0):
 garbage-first heap   total 501760K, used 482270K [0x0000000080000000, 0x0000000100000000)
  region size 1024K, 277 young (283648K), 3 survivors (3072K)
 Metaspace       used 155681K, committed 157440K, reserved 1245184K
  class space    used 20135K, committed 20992K, reserved 1048576K
}
Event: 9892.000 GC heap after
{Heap after GC invocations=136 (full 0):
 garbage-first heap   total 501760K, used 149949K [0x0000000080000000, 0x0000000100000000)
  region size 1024K, 16 young (16384K), 16 survivors (16384K)
 Metaspace       used 155681K, committed 157440K, reserved 1245184K
  class space    used 20135K, committed 20992K, reserved 1048576K
}
Event: 9892.064 GC heap before
{Heap before GC invocations=136 (full 0):
 garbage-first heap   total 501760K, used 158141K [0x0000000080000000, 0x0000000100000000)
  region size 1024K, 24 young (24576K), 16 survivors (16384K)
 Metaspace       used 155689K, committed 157440K, reserved 1245184K
  class space    used 20135K, committed 20992K, reserved 1048576K
}
Event: 9892.110 GC heap after
{Heap after GC invocations=137 (full 0):
 garbage-first heap   total 501760K, used 140283K [0x0000000080000000, 0x0000000100000000)
  region size 1024K, 3 young (3072K), 3 survivors (3072K)
 Metaspace       used 155689K, committed 157440K, reserved 1245184K
  class space    used 20135K, committed 20992K, reserved 1048576K
}
Event: 9892.671 GC heap before
{Heap before GC invocations=137 (full 0):
 garbage-first heap   total 501760K, used 161787K [0x0000000080000000, 0x0000000100000000)
  region size 1024K, 25 young (25600K), 3 survivors (3072K)
 Metaspace       used 155732K, committed 157504K, reserved 1245184K
  class space    used 20142K, committed 20992K, reserved 1048576K
}

