# JRE version: OpenJDK Runtime Environment (17.0.7) (build 17.0.7+0-b2043.56-10550314)
# Java VM: OpenJDK 64-Bit Server VM (17.0.7+0-b2043.56-10550314, mixed mode, tiered, compressed oops, compressed class ptrs, g1 gc, windows-amd64)
GC Precious Log:
 CPUs: 4 total, 4 available
 Memory: 8072M
 Large Page Support: Disabled
 NUMA Support: Disabled
 Compressed Oops: Enabled (32-bit)
 Heap Region Size: 1M
 Heap Min Capacity: 8M
 Heap Initial Capacity: 128M
 Heap Max Capacity: 2G
 Pre-touch: Disabled
 Parallel Workers: 4
 Concurrent Workers: 1
 Concurrent Refinement Workers: 4
 Periodic GC: Disabled
Heap:
 garbage-first heap   total 312320K, used 210389K [0x0000000080000000, 0x0000000100000000)
  region size 1024K, 83 young (84992K), 4 survivors (4096K)
 Metaspace       used 124286K, committed 125056K, reserved 1179648K
  class space    used 16002K, committed 16384K, reserved 1048576K
GC Heap History (20 events):
Event: 41.662 GC heap before
{Heap before GC invocations=39 (full 0):
 garbage-first heap   total 168960K, used 135016K [0x0000000080000000, 0x0000000100000000)
  region size 1024K, 42 young (43008K), 5 survivors (5120K)
 Metaspace       used 86806K, committed 87424K, reserved 1179648K
  class space    used 11557K, committed 11840K, reserved 1048576K
}
Event: 41.678 GC heap after
{Heap after GC invocations=40 (full 0):
 garbage-first heap   total 202752K, used 99828K [0x0000000080000000, 0x0000000100000000)
  region size 1024K, 5 young (5120K), 5 survivors (5120K)
 Metaspace       used 86806K, committed 87424K, reserved 1179648K
  class space    used 11557K, committed 11840K, reserved 1048576K
}
Event: 42.001 GC heap before
{Heap before GC invocations=40 (full 0):
 garbage-first heap   total 202752K, used 102900K [0x0000000080000000, 0x0000000100000000)
  region size 1024K, 9 young (9216K), 5 survivors (5120K)
 Metaspace       used 87391K, committed 88000K, reserved 1179648K
  class space    used 11626K, committed 11904K, reserved 1048576K
}
Event: 42.018 GC heap after
{Heap after GC invocations=41 (full 0):
 garbage-first heap   total 202752K, used 99998K [0x0000000080000000, 0x0000000100000000)
  region size 1024K, 1 young (1024K), 1 survivors (1024K)
 Metaspace       used 87391K, committed 88000K, reserved 1179648K
  class space    used 11626K, committed 11904K, reserved 1048576K
}
Event: 49.167 GC heap before
{Heap before GC invocations=41 (full 0):
 garbage-first heap   total 202752K, used 164510K [0x0000000080000000, 0x0000000100000000)
  region size 1024K, 63 young (64512K), 1 survivors (1024K)
 Metaspace       used 90177K, committed 90880K, reserved 1179648K
  class space    used 11914K, committed 12224K, reserved 1048576K
}
Event: 49.186 GC heap after
{Heap after GC invocations=42 (full 0):
 garbage-first heap   total 202752K, used 103455K [0x0000000080000000, 0x0000000100000000)
  region size 1024K, 5 young (5120K), 5 survivors (5120K)
 Metaspace       used 90177K, committed 90880K, reserved 1179648K
  class space    used 11914K, committed 12224K, reserved 1048576K
}
Event: 53.919 GC heap before
{Heap before GC invocations=43 (full 0):
 garbage-first heap   total 202752K, used 164895K [0x0000000080000000, 0x0000000100000000)
  region size 1024K, 65 young (66560K), 5 survivors (5120K)
 Metaspace       used 94885K, committed 95552K, reserved 1179648K
  class space    used 12447K, committed 12736K, reserved 1048576K
}
Event: 53.939 GC heap after
{Heap after GC invocations=44 (full 0):
 garbage-first heap   total 202752K, used 107766K [0x0000000080000000, 0x0000000100000000)
  region size 1024K, 9 young (9216K), 9 survivors (9216K)
 Metaspace       used 94885K, committed 95552K, reserved 1179648K
  class space    used 12447K, committed 12736K, reserved 1048576K
}
Event: 54.079 GC heap before
{Heap before GC invocations=44 (full 0):
 garbage-first heap   total 202752K, used 108790K [0x0000000080000000, 0x0000000100000000)
  region size 1024K, 10 young (10240K), 9 survivors (9216K)
 Metaspace       used 95060K, committed 95680K, reserved 1179648K
  class space    used 12457K, committed 12736K, reserved 1048576K
}
Event: 54.099 GC heap after
{Heap after GC invocations=45 (full 0):
 garbage-first heap   total 202752K, used 108426K [0x0000000080000000, 0x0000000100000000)
  region size 1024K, 1 young (1024K), 1 survivors (1024K)
 Metaspace       used 95060K, committed 95680K, reserved 1179648K
  class space    used 12457K, committed 12736K, reserved 1048576K
}
Event: 57.586 GC heap before
{Heap before GC invocations=45 (full 0):
 garbage-first heap   total 202752K, used 166794K [0x0000000080000000, 0x0000000100000000)
  region size 1024K, 58 young (59392K), 1 survivors (1024K)
 Metaspace       used 102685K, committed 103360K, reserved 1179648K
  class space    used 13338K, committed 13632K, reserved 1048576K
}
Event: 57.592 GC heap after
{Heap after GC invocations=46 (full 0):
 garbage-first heap   total 202752K, used 109366K [0x0000000080000000, 0x0000000100000000)
  region size 1024K, 2 young (2048K), 2 survivors (2048K)
 Metaspace       used 102685K, committed 103360K, reserved 1179648K
  class space    used 13338K, committed 13632K, reserved 1048576K
}
Event: 60.397 GC heap before
{Heap before GC invocations=46 (full 0):
 garbage-first heap   total 202752K, used 168758K [0x0000000080000000, 0x0000000100000000)
  region size 1024K, 60 young (61440K), 2 survivors (2048K)
 Metaspace       used 110232K, committed 110848K, reserved 1179648K
  class space    used 14175K, committed 14464K, reserved 1048576K
}
Event: 60.409 GC heap after
{Heap after GC invocations=47 (full 0):
 garbage-first heap   total 202752K, used 110824K [0x0000000080000000, 0x0000000100000000)
  region size 1024K, 4 young (4096K), 4 survivors (4096K)
 Metaspace       used 110232K, committed 110848K, reserved 1179648K
  class space    used 14175K, committed 14464K, reserved 1048576K
}
Event: 61.210 GC heap before
{Heap before GC invocations=47 (full 0):
 garbage-first heap   total 202752K, used 171240K [0x0000000080000000, 0x0000000100000000)
  region size 1024K, 62 young (63488K), 4 survivors (4096K)
 Metaspace       used 110476K, committed 111104K, reserved 1179648K
  class space    used 14175K, committed 14464K, reserved 1048576K
}
Event: 61.229 GC heap after
{Heap after GC invocations=48 (full 0):
 garbage-first heap   total 202752K, used 116747K [0x0000000080000000, 0x0000000100000000)
  region size 1024K, 8 young (8192K), 8 survivors (8192K)
 Metaspace       used 110476K, committed 111104K, reserved 1179648K
  class space    used 14175K, committed 14464K, reserved 1048576K
}
Event: 64.009 GC heap before
{Heap before GC invocations=48 (full 0):
 garbage-first heap   total 202752K, used 169995K [0x0000000080000000, 0x0000000100000000)
  region size 1024K, 60 young (61440K), 8 survivors (8192K)
 Metaspace       used 113670K, committed 114304K, reserved 1179648K
  class space    used 14614K, committed 14912K, reserved 1048576K
}
Event: 64.086 GC heap after
{Heap after GC invocations=49 (full 0):
 garbage-first heap   total 202752K, used 122156K [0x0000000080000000, 0x0000000100000000)
  region size 1024K, 6 young (6144K), 6 survivors (6144K)
 Metaspace       used 113670K, committed 114304K, reserved 1179648K
  class space    used 14614K, committed 14912K, reserved 1048576K
}
Event: 68.313 GC heap before
{Heap before GC invocations=49 (full 0):
 garbage-first heap   total 202752K, used 168236K [0x0000000080000000, 0x0000000100000000)
  region size 1024K, 52 young (53248K), 6 survivors (6144K)
 Metaspace       used 117260K, committed 117952K, reserved 1179648K
  class space    used 15157K, committed 15488K, reserved 1048576K
}
Event: 68.340 GC heap after
{Heap after GC invocations=50 (full 0):
 garbage-first heap   total 312320K, used 125397K [0x0000000080000000, 0x0000000100000000)
  region size 1024K, 4 young (4096K), 4 survivors (4096K)
 Metaspace       used 117260K, committed 117952K, reserved 1179648K
  class space    used 15157K, committed 15488K, reserved 1048576K
}

