# JRE version: OpenJDK Runtime Environment (17.0.7) (build 17.0.7+0-b2043.56-10550314)
# Java VM: OpenJDK 64-Bit Server VM (17.0.7+0-b2043.56-10550314, mixed mode, tiered, compressed oops, compressed class ptrs, g1 gc, windows-amd64)
GC Precious Log:
 CPUs: 4 total, 4 available
 Memory: 8072M
 Large Page Support: Disabled
 NUMA Support: Disabled
 Compressed Oops: Enabled (32-bit)
 Heap Region Size: 1M
 Heap Min Capacity: 8M
 Heap Initial Capacity: 128M
 Heap Max Capacity: 2G
 Pre-touch: Disabled
 Parallel Workers: 4
 Concurrent Workers: 1
 Concurrent Refinement Workers: 4
 Periodic GC: Disabled
Heap:
 garbage-first heap   total 173056K, used 129501K [0x0000000080000000, 0x0000000100000000)
  region size 1024K, 33 young (33792K), 2 survivors (2048K)
 Metaspace       used 87362K, committed 88064K, reserved 1179648K
  class space    used 11634K, committed 11968K, reserved 1048576K
GC Heap History (20 events):
Event: 21.767 GC heap before
{Heap before GC invocations=23 (full 0):
 garbage-first heap   total 132096K, used 102462K [0x0000000080000000, 0x0000000100000000)
  region size 1024K, 38 young (38912K), 3 survivors (3072K)
 Metaspace       used 56703K, committed 57280K, reserved 1114112K
  class space    used 7982K, committed 8256K, reserved 1048576K
}
Event: 21.776 GC heap after
{Heap after GC invocations=24 (full 0):
 garbage-first heap   total 132096K, used 67885K [0x0000000080000000, 0x0000000100000000)
  region size 1024K, 4 young (4096K), 4 survivors (4096K)
 Metaspace       used 56703K, committed 57280K, reserved 1114112K
  class space    used 7982K, committed 8256K, reserved 1048576K
}
Event: 25.791 GC heap before
{Heap before GC invocations=25 (full 0):
 garbage-first heap   total 132096K, used 103725K [0x0000000080000000, 0x0000000100000000)
  region size 1024K, 39 young (39936K), 4 survivors (4096K)
 Metaspace       used 61062K, committed 61696K, reserved 1114112K
  class space    used 8544K, committed 8832K, reserved 1048576K
}
Event: 25.808 GC heap after
{Heap after GC invocations=26 (full 0):
 garbage-first heap   total 132096K, used 69551K [0x0000000080000000, 0x0000000100000000)
  region size 1024K, 3 young (3072K), 3 survivors (3072K)
 Metaspace       used 61062K, committed 61696K, reserved 1114112K
  class space    used 8544K, committed 8832K, reserved 1048576K
}
Event: 26.128 GC heap before
{Heap before GC invocations=26 (full 0):
 garbage-first heap   total 132096K, used 71599K [0x0000000080000000, 0x0000000100000000)
  region size 1024K, 6 young (6144K), 3 survivors (3072K)
 Metaspace       used 61484K, committed 62144K, reserved 1114112K
  class space    used 8593K, committed 8896K, reserved 1048576K
}
Event: 26.145 GC heap after
{Heap after GC invocations=27 (full 0):
 garbage-first heap   total 132096K, used 69433K [0x0000000080000000, 0x0000000100000000)
  region size 1024K, 1 young (1024K), 1 survivors (1024K)
 Metaspace       used 61484K, committed 62144K, reserved 1114112K
  class space    used 8593K, committed 8896K, reserved 1048576K
}
Event: 27.087 GC heap before
{Heap before GC invocations=27 (full 0):
 garbage-first heap   total 132096K, used 83769K [0x0000000080000000, 0x0000000100000000)
  region size 1024K, 16 young (16384K), 1 survivors (1024K)
 Metaspace       used 63516K, committed 64192K, reserved 1114112K
  class space    used 8850K, committed 9152K, reserved 1048576K
}
Event: 27.091 GC heap after
{Heap after GC invocations=28 (full 0):
 garbage-first heap   total 132096K, used 69584K [0x0000000080000000, 0x0000000100000000)
  region size 1024K, 1 young (1024K), 1 survivors (1024K)
 Metaspace       used 63516K, committed 64192K, reserved 1114112K
  class space    used 8850K, committed 9152K, reserved 1048576K
}
Event: 28.904 GC heap before
{Heap before GC invocations=29 (full 0):
 garbage-first heap   total 137216K, used 112592K [0x0000000080000000, 0x0000000100000000)
  region size 1024K, 39 young (39936K), 1 survivors (1024K)
 Metaspace       used 68895K, committed 69568K, reserved 1114112K
  class space    used 9528K, committed 9856K, reserved 1048576K
}
Event: 28.911 GC heap after
{Heap after GC invocations=30 (full 0):
 garbage-first heap   total 137216K, used 74441K [0x0000000080000000, 0x0000000100000000)
  region size 1024K, 2 young (2048K), 2 survivors (2048K)
 Metaspace       used 68895K, committed 69568K, reserved 1114112K
  class space    used 9528K, committed 9856K, reserved 1048576K
}
Event: 29.149 GC heap before
{Heap before GC invocations=30 (full 0):
 garbage-first heap   total 137216K, used 78537K [0x0000000080000000, 0x0000000100000000)
  region size 1024K, 7 young (7168K), 2 survivors (2048K)
 Metaspace       used 69738K, committed 70400K, reserved 1114112K
  class space    used 9640K, committed 9920K, reserved 1048576K
}
Event: 29.153 GC heap after
{Heap after GC invocations=31 (full 0):
 garbage-first heap   total 137216K, used 74571K [0x0000000080000000, 0x0000000100000000)
  region size 1024K, 2 young (2048K), 2 survivors (2048K)
 Metaspace       used 69738K, committed 70400K, reserved 1114112K
  class space    used 9640K, committed 9920K, reserved 1048576K
}
Event: 29.865 GC heap before
{Heap before GC invocations=32 (full 0):
 garbage-first heap   total 138240K, used 121675K [0x0000000080000000, 0x0000000100000000)
  region size 1024K, 41 young (41984K), 2 survivors (2048K)
 Metaspace       used 70157K, committed 70784K, reserved 1114112K
  class space    used 9677K, committed 9984K, reserved 1048576K
}
Event: 29.893 GC heap after
{Heap after GC invocations=33 (full 0):
 garbage-first heap   total 138240K, used 84402K [0x0000000080000000, 0x0000000100000000)
  region size 1024K, 6 young (6144K), 6 survivors (6144K)
 Metaspace       used 70157K, committed 70784K, reserved 1114112K
  class space    used 9677K, committed 9984K, reserved 1048576K
}
Event: 31.725 GC heap before
{Heap before GC invocations=33 (full 0):
 garbage-first heap   total 138240K, used 113074K [0x0000000080000000, 0x0000000100000000)
  region size 1024K, 34 young (34816K), 6 survivors (6144K)
 Metaspace       used 73734K, committed 74432K, reserved 1114112K
  class space    used 10106K, committed 10432K, reserved 1048576K
}
Event: 31.744 GC heap after
{Heap after GC invocations=34 (full 0):
 garbage-first heap   total 165888K, used 86577K [0x0000000080000000, 0x0000000100000000)
  region size 1024K, 2 young (2048K), 2 survivors (2048K)
 Metaspace       used 73734K, committed 74432K, reserved 1114112K
  class space    used 10106K, committed 10432K, reserved 1048576K
}
Event: 34.233 GC heap before
{Heap before GC invocations=35 (full 0):
 garbage-first heap   total 165888K, used 139825K [0x0000000080000000, 0x0000000100000000)
  region size 1024K, 47 young (48128K), 2 survivors (2048K)
 Metaspace       used 78709K, committed 79360K, reserved 1179648K
  class space    used 10587K, committed 10880K, reserved 1048576K
}
Event: 34.246 GC heap after
{Heap after GC invocations=36 (full 0):
 garbage-first heap   total 165888K, used 96935K [0x0000000080000000, 0x0000000100000000)
  region size 1024K, 5 young (5120K), 5 survivors (5120K)
 Metaspace       used 78709K, committed 79360K, reserved 1179648K
  class space    used 10587K, committed 10880K, reserved 1048576K
}
Event: 37.156 GC heap before
{Heap before GC invocations=36 (full 0):
 garbage-first heap   total 165888K, used 135847K [0x0000000080000000, 0x0000000100000000)
  region size 1024K, 43 young (44032K), 5 survivors (5120K)
 Metaspace       used 83497K, committed 84160K, reserved 1179648K
  class space    used 11121K, committed 11456K, reserved 1048576K
}
Event: 37.173 GC heap after
{Heap after GC invocations=37 (full 0):
 garbage-first heap   total 165888K, used 98781K [0x0000000080000000, 0x0000000100000000)
  region size 1024K, 2 young (2048K), 2 survivors (2048K)
 Metaspace       used 83497K, committed 84160K, reserved 1179648K
  class space    used 11121K, committed 11456K, reserved 1048576K
}

